WARN main net.sf.ehcache.config.Configurator - No configuration found. Configuring ehcache from ehcache-failsafe.xml found in the classpath: jar:file:/Users/apple/Documents/workspace/hibernatemysql/lib/ehcache-1.1.jar!/ehcache-failsafe.xml
WARN main org.hibernate.impl.SessionFactoryObjectFactory - Could not bind factory to JNDI
javax.naming.NoInitialContextException: Need to specify class name in environment or system property, or as an applet parameter, or in an application resource file:  java.naming.factory.initial
	at javax.naming.spi.NamingManager.getInitialContext(NamingManager.java:662)
	at javax.naming.InitialContext.getDefaultInitCtx(InitialContext.java:307)
	at javax.naming.InitialContext.getURLOrDefaultInitCtx(InitialContext.java:344)
	at javax.naming.InitialContext.getNameParser(InitialContext.java:499)
	at org.hibernate.util.NamingHelper.bind(NamingHelper.java:52)
	at org.hibernate.impl.SessionFactoryObjectFactory.addInstance(SessionFactoryObjectFactory.java:90)
	at org.hibernate.impl.SessionFactoryImpl.<init>(SessionFactoryImpl.java:247)
	at org.hibernate.cfg.Configuration.buildSessionFactory(Configuration.java:1054)
	at com.demo.hibernate.util.HibernateSessionFactory.currentSession(HibernateSessionFactory.java:20)
	at com.demo.hibernate.dao.UserDAOImpl.select(UserDAOImpl.java:20)
	at com.demo.hibernate.service.UserServiceImpl.login(UserServiceImpl.java:10)
	at com.demo.hibernate.test.UserServiceTest.testLogin(UserServiceTest.java:31)
	at sun.reflect.NativeMethodAccessorImpl.invoke0(Native Method)
	at sun.reflect.NativeMethodAccessorImpl.invoke(NativeMethodAccessorImpl.java:57)
	at sun.reflect.DelegatingMethodAccessorImpl.invoke(DelegatingMethodAccessorImpl.java:43)
	at java.lang.reflect.Method.invoke(Method.java:606)
	at junit.framework.TestCase.runTest(TestCase.java:154)
	at junit.framework.TestCase.runBare(TestCase.java:127)
	at junit.framework.TestResult$1.protect(TestResult.java:106)
	at junit.framework.TestResult.runProtected(TestResult.java:124)
	at junit.framework.TestResult.run(TestResult.java:109)
	at junit.framework.TestCase.run(TestCase.java:118)
	at junit.framework.TestSuite.runTest(TestSuite.java:208)
	at junit.framework.TestSuite.run(TestSuite.java:203)
	at org.eclipse.jdt.internal.junit.runner.junit3.JUnit3TestReference.run(JUnit3TestReference.java:131)
	at org.eclipse.jdt.internal.junit.runner.TestExecution.run(TestExecution.java:38)
	at org.eclipse.jdt.internal.junit.runner.RemoteTestRunner.runTests(RemoteTestRunner.java:459)
	at org.eclipse.jdt.internal.junit.runner.RemoteTestRunner.runTests(RemoteTestRunner.java:675)
	at org.eclipse.jdt.internal.junit.runner.RemoteTestRunner.run(RemoteTestRunner.java:382)
	at org.eclipse.jdt.internal.junit.runner.RemoteTestRunner.main(RemoteTestRunner.java:192)
WARN main net.sf.ehcache.config.Configurator - No configuration found. Configuring ehcache from ehcache-failsafe.xml found in the classpath: jar:file:/Users/apple/Documents/workspace/hibernatemysql/lib/ehcache-1.1.jar!/ehcache-failsafe.xml
WARN main org.hibernate.impl.SessionFactoryObjectFactory - Could not bind factory to JNDI
javax.naming.NoInitialContextException: Need to specify class name in environment or system property, or as an applet parameter, or in an application resource file:  java.naming.factory.initial
	at javax.naming.spi.NamingManager.getInitialContext(NamingManager.java:662)
	at javax.naming.InitialContext.getDefaultInitCtx(InitialContext.java:307)
	at javax.naming.InitialContext.getURLOrDefaultInitCtx(InitialContext.java:344)
	at javax.naming.InitialContext.getNameParser(InitialContext.java:499)
	at org.hibernate.util.NamingHelper.bind(NamingHelper.java:52)
	at org.hibernate.impl.SessionFactoryObjectFactory.addInstance(SessionFactoryObjectFactory.java:90)
	at org.hibernate.impl.SessionFactoryImpl.<init>(SessionFactoryImpl.java:247)
	at org.hibernate.cfg.Configuration.buildSessionFactory(Configuration.java:1054)
	at com.demo.hibernate.util.HibernateSessionFactory.currentSession(HibernateSessionFactory.java:20)
	at com.demo.hibernate.dao.AddressDAOImpl.list(AddressDAOImpl.java:28)
	at com.demo.hibernate.service.AddressServiceImpl.list(AddressServiceImpl.java:13)
	at com.demo.hibernate.test.AddressServiceTest.testList(AddressServiceTest.java:31)
	at sun.reflect.NativeMethodAccessorImpl.invoke0(Native Method)
	at sun.reflect.NativeMethodAccessorImpl.invoke(NativeMethodAccessorImpl.java:57)
	at sun.reflect.DelegatingMethodAccessorImpl.invoke(DelegatingMethodAccessorImpl.java:43)
	at java.lang.reflect.Method.invoke(Method.java:606)
	at junit.framework.TestCase.runTest(TestCase.java:154)
	at junit.framework.TestCase.runBare(TestCase.java:127)
	at junit.framework.TestResult$1.protect(TestResult.java:106)
	at junit.framework.TestResult.runProtected(TestResult.java:124)
	at junit.framework.TestResult.run(TestResult.java:109)
	at junit.framework.TestCase.run(TestCase.java:118)
	at junit.framework.TestSuite.runTest(TestSuite.java:208)
	at junit.framework.TestSuite.run(TestSuite.java:203)
	at org.eclipse.jdt.internal.junit.runner.junit3.JUnit3TestReference.run(JUnit3TestReference.java:131)
	at org.eclipse.jdt.internal.junit.runner.TestExecution.run(TestExecution.java:38)
	at org.eclipse.jdt.internal.junit.runner.RemoteTestRunner.runTests(RemoteTestRunner.java:459)
	at org.eclipse.jdt.internal.junit.runner.RemoteTestRunner.runTests(RemoteTestRunner.java:675)
	at org.eclipse.jdt.internal.junit.runner.RemoteTestRunner.run(RemoteTestRunner.java:382)
	at org.eclipse.jdt.internal.junit.runner.RemoteTestRunner.main(RemoteTestRunner.java:192)
ERROR main org.hibernate.cfg.Configuration - problem parsing configurationhibernate.cfg.xml
org.dom4j.DocumentException: www.hibernate.org Nested exception: www.hibernate.org
	at org.dom4j.io.SAXReader.read(SAXReader.java:353)
	at org.hibernate.cfg.Configuration.doConfigure(Configuration.java:1217)
	at org.hibernate.cfg.Configuration.configure(Configuration.java:1161)
	at com.demo.hibernate.util.HibernateSessionFactory.currentSession(HibernateSessionFactory.java:19)
	at com.demo.hibernate.dao.AddressDAOImpl.list(AddressDAOImpl.java:28)
	at com.demo.hibernate.service.AddressServiceImpl.list(AddressServiceImpl.java:13)
	at com.demo.hibernate.test.AddressServiceTest.testList(AddressServiceTest.java:31)
	at sun.reflect.NativeMethodAccessorImpl.invoke0(Native Method)
	at sun.reflect.NativeMethodAccessorImpl.invoke(NativeMethodAccessorImpl.java:57)
	at sun.reflect.DelegatingMethodAccessorImpl.invoke(DelegatingMethodAccessorImpl.java:43)
	at java.lang.reflect.Method.invoke(Method.java:606)
	at junit.framework.TestCase.runTest(TestCase.java:154)
	at junit.framework.TestCase.runBare(TestCase.java:127)
	at junit.framework.TestResult$1.protect(TestResult.java:106)
	at junit.framework.TestResult.runProtected(TestResult.java:124)
	at junit.framework.TestResult.run(TestResult.java:109)
	at junit.framework.TestCase.run(TestCase.java:118)
	at junit.framework.TestSuite.runTest(TestSuite.java:208)
	at junit.framework.TestSuite.run(TestSuite.java:203)
	at org.eclipse.jdt.internal.junit.runner.junit3.JUnit3TestReference.run(JUnit3TestReference.java:131)
	at org.eclipse.jdt.internal.junit.runner.TestExecution.run(TestExecution.java:38)
	at org.eclipse.jdt.internal.junit.runner.RemoteTestRunner.runTests(RemoteTestRunner.java:459)
	at org.eclipse.jdt.internal.junit.runner.RemoteTestRunner.runTests(RemoteTestRunner.java:675)
	at org.eclipse.jdt.internal.junit.runner.RemoteTestRunner.run(RemoteTestRunner.java:382)
	at org.eclipse.jdt.internal.junit.runner.RemoteTestRunner.main(RemoteTestRunner.java:192)
Nested exception: 
java.net.UnknownHostException: www.hibernate.org
	at java.net.AbstractPlainSocketImpl.connect(AbstractPlainSocketImpl.java:178)
	at java.net.SocksSocketImpl.connect(SocksSocketImpl.java:392)
	at java.net.Socket.connect(Socket.java:579)
	at java.net.Socket.connect(Socket.java:528)
	at sun.net.NetworkClient.doConnect(NetworkClient.java:180)
	at sun.net.www.http.HttpClient.openServer(HttpClient.java:432)
	at sun.net.www.http.HttpClient.openServer(HttpClient.java:527)
	at sun.net.www.http.HttpClient.<init>(HttpClient.java:211)
	at sun.net.www.http.HttpClient.New(HttpClient.java:308)
	at sun.net.www.http.HttpClient.New(HttpClient.java:326)
	at sun.net.www.protocol.http.HttpURLConnection.getNewHttpClient(HttpURLConnection.java:996)
	at sun.net.www.protocol.http.HttpURLConnection.plainConnect(HttpURLConnection.java:932)
	at sun.net.www.protocol.http.HttpURLConnection.connect(HttpURLConnection.java:850)
	at sun.net.www.protocol.http.HttpURLConnection.getInputStream(HttpURLConnection.java:1300)
	at org.apache.xerces.impl.XMLEntityManager.setupCurrentEntity(Unknown Source)
	at org.apache.xerces.impl.XMLEntityManager.startEntity(Unknown Source)
	at org.apache.xerces.impl.XMLEntityManager.startDTDEntity(Unknown Source)
	at org.apache.xerces.impl.XMLDTDScannerImpl.setInputSource(Unknown Source)
	at org.apache.xerces.impl.XMLDocumentScannerImpl$DTDDispatcher.dispatch(Unknown Source)
	at org.apache.xerces.impl.XMLDocumentFragmentScannerImpl.scanDocument(Unknown Source)
	at org.apache.xerces.parsers.XML11Configuration.parse(Unknown Source)
	at org.apache.xerces.parsers.XML11Configuration.parse(Unknown Source)
	at org.apache.xerces.parsers.XMLParser.parse(Unknown Source)
	at org.apache.xerces.parsers.AbstractSAXParser.parse(Unknown Source)
	at org.dom4j.io.SAXReader.read(SAXReader.java:334)
	at org.hibernate.cfg.Configuration.doConfigure(Configuration.java:1217)
	at org.hibernate.cfg.Configuration.configure(Configuration.java:1161)
	at com.demo.hibernate.util.HibernateSessionFactory.currentSession(HibernateSessionFactory.java:19)
	at com.demo.hibernate.dao.AddressDAOImpl.list(AddressDAOImpl.java:28)
	at com.demo.hibernate.service.AddressServiceImpl.list(AddressServiceImpl.java:13)
	at com.demo.hibernate.test.AddressServiceTest.testList(AddressServiceTest.java:31)
	at sun.reflect.NativeMethodAccessorImpl.invoke0(Native Method)
	at sun.reflect.NativeMethodAccessorImpl.invoke(NativeMethodAccessorImpl.java:57)
	at sun.reflect.DelegatingMethodAccessorImpl.invoke(DelegatingMethodAccessorImpl.java:43)
	at java.lang.reflect.Method.invoke(Method.java:606)
	at junit.framework.TestCase.runTest(TestCase.java:154)
	at junit.framework.TestCase.runBare(TestCase.java:127)
	at junit.framework.TestResult$1.protect(TestResult.java:106)
	at junit.framework.TestResult.runProtected(TestResult.java:124)
	at junit.framework.TestResult.run(TestResult.java:109)
	at junit.framework.TestCase.run(TestCase.java:118)
	at junit.framework.TestSuite.runTest(TestSuite.java:208)
	at junit.framework.TestSuite.run(TestSuite.java:203)
	at org.eclipse.jdt.internal.junit.runner.junit3.JUnit3TestReference.run(JUnit3TestReference.java:131)
	at org.eclipse.jdt.internal.junit.runner.TestExecution.run(TestExecution.java:38)
	at org.eclipse.jdt.internal.junit.runner.RemoteTestRunner.runTests(RemoteTestRunner.java:459)
	at org.eclipse.jdt.internal.junit.runner.RemoteTestRunner.runTests(RemoteTestRunner.java:675)
	at org.eclipse.jdt.internal.junit.runner.RemoteTestRunner.run(RemoteTestRunner.java:382)
	at org.eclipse.jdt.internal.junit.runner.RemoteTestRunner.main(RemoteTestRunner.java:192)
ERROR main org.hibernate.cfg.Configuration - problem parsing configurationhibernate.cfg.xml
org.dom4j.DocumentException: www.hibernate.org Nested exception: www.hibernate.org
	at org.dom4j.io.SAXReader.read(SAXReader.java:353)
	at org.hibernate.cfg.Configuration.doConfigure(Configuration.java:1217)
	at org.hibernate.cfg.Configuration.configure(Configuration.java:1161)
	at com.demo.hibernate.util.HibernateSessionFactory.currentSession(HibernateSessionFactory.java:19)
	at com.demo.hibernate.dao.AddressDAOImpl.insert(AddressDAOImpl.java:85)
	at com.demo.hibernate.service.AddressServiceImpl.insert(AddressServiceImpl.java:25)
	at com.demo.hibernate.test.AddressServiceTest.testInsert(AddressServiceTest.java:52)
	at sun.reflect.NativeMethodAccessorImpl.invoke0(Native Method)
	at sun.reflect.NativeMethodAccessorImpl.invoke(NativeMethodAccessorImpl.java:57)
	at sun.reflect.DelegatingMethodAccessorImpl.invoke(DelegatingMethodAccessorImpl.java:43)
	at java.lang.reflect.Method.invoke(Method.java:606)
	at junit.framework.TestCase.runTest(TestCase.java:154)
	at junit.framework.TestCase.runBare(TestCase.java:127)
	at junit.framework.TestResult$1.protect(TestResult.java:106)
	at junit.framework.TestResult.runProtected(TestResult.java:124)
	at junit.framework.TestResult.run(TestResult.java:109)
	at junit.framework.TestCase.run(TestCase.java:118)
	at junit.framework.TestSuite.runTest(TestSuite.java:208)
	at junit.framework.TestSuite.run(TestSuite.java:203)
	at org.eclipse.jdt.internal.junit.runner.junit3.JUnit3TestReference.run(JUnit3TestReference.java:131)
	at org.eclipse.jdt.internal.junit.runner.TestExecution.run(TestExecution.java:38)
	at org.eclipse.jdt.internal.junit.runner.RemoteTestRunner.runTests(RemoteTestRunner.java:459)
	at org.eclipse.jdt.internal.junit.runner.RemoteTestRunner.runTests(RemoteTestRunner.java:675)
	at org.eclipse.jdt.internal.junit.runner.RemoteTestRunner.run(RemoteTestRunner.java:382)
	at org.eclipse.jdt.internal.junit.runner.RemoteTestRunner.main(RemoteTestRunner.java:192)
Nested exception: 
java.net.UnknownHostException: www.hibernate.org
	at java.net.AbstractPlainSocketImpl.connect(AbstractPlainSocketImpl.java:178)
	at java.net.SocksSocketImpl.connect(SocksSocketImpl.java:392)
	at java.net.Socket.connect(Socket.java:579)
	at java.net.Socket.connect(Socket.java:528)
	at sun.net.NetworkClient.doConnect(NetworkClient.java:180)
	at sun.net.www.http.HttpClient.openServer(HttpClient.java:432)
	at sun.net.www.http.HttpClient.openServer(HttpClient.java:527)
	at sun.net.www.http.HttpClient.<init>(HttpClient.java:211)
	at sun.net.www.http.HttpClient.New(HttpClient.java:308)
	at sun.net.www.http.HttpClient.New(HttpClient.java:326)
	at sun.net.www.protocol.http.HttpURLConnection.getNewHttpClient(HttpURLConnection.java:996)
	at sun.net.www.protocol.http.HttpURLConnection.plainConnect(HttpURLConnection.java:932)
	at sun.net.www.protocol.http.HttpURLConnection.connect(HttpURLConnection.java:850)
	at sun.net.www.protocol.http.HttpURLConnection.getInputStream(HttpURLConnection.java:1300)
	at org.apache.xerces.impl.XMLEntityManager.setupCurrentEntity(Unknown Source)
	at org.apache.xerces.impl.XMLEntityManager.startEntity(Unknown Source)
	at org.apache.xerces.impl.XMLEntityManager.startDTDEntity(Unknown Source)
	at org.apache.xerces.impl.XMLDTDScannerImpl.setInputSource(Unknown Source)
	at org.apache.xerces.impl.XMLDocumentScannerImpl$DTDDispatcher.dispatch(Unknown Source)
	at org.apache.xerces.impl.XMLDocumentFragmentScannerImpl.scanDocument(Unknown Source)
	at org.apache.xerces.parsers.XML11Configuration.parse(Unknown Source)
	at org.apache.xerces.parsers.XML11Configuration.parse(Unknown Source)
	at org.apache.xerces.parsers.XMLParser.parse(Unknown Source)
	at org.apache.xerces.parsers.AbstractSAXParser.parse(Unknown Source)
	at org.dom4j.io.SAXReader.read(SAXReader.java:334)
	at org.hibernate.cfg.Configuration.doConfigure(Configuration.java:1217)
	at org.hibernate.cfg.Configuration.configure(Configuration.java:1161)
	at com.demo.hibernate.util.HibernateSessionFactory.currentSession(HibernateSessionFactory.java:19)
	at com.demo.hibernate.dao.AddressDAOImpl.insert(AddressDAOImpl.java:85)
	at com.demo.hibernate.service.AddressServiceImpl.insert(AddressServiceImpl.java:25)
	at com.demo.hibernate.test.AddressServiceTest.testInsert(AddressServiceTest.java:52)
	at sun.reflect.NativeMethodAccessorImpl.invoke0(Native Method)
	at sun.reflect.NativeMethodAccessorImpl.invoke(NativeMethodAccessorImpl.java:57)
	at sun.reflect.DelegatingMethodAccessorImpl.invoke(DelegatingMethodAccessorImpl.java:43)
	at java.lang.reflect.Method.invoke(Method.java:606)
	at junit.framework.TestCase.runTest(TestCase.java:154)
	at junit.framework.TestCase.runBare(TestCase.java:127)
	at junit.framework.TestResult$1.protect(TestResult.java:106)
	at junit.framework.TestResult.runProtected(TestResult.java:124)
	at junit.framework.TestResult.run(TestResult.java:109)
	at junit.framework.TestCase.run(TestCase.java:118)
	at junit.framework.TestSuite.runTest(TestSuite.java:208)
	at junit.framework.TestSuite.run(TestSuite.java:203)
	at org.eclipse.jdt.internal.junit.runner.junit3.JUnit3TestReference.run(JUnit3TestReference.java:131)
	at org.eclipse.jdt.internal.junit.runner.TestExecution.run(TestExecution.java:38)
	at org.eclipse.jdt.internal.junit.runner.RemoteTestRunner.runTests(RemoteTestRunner.java:459)
	at org.eclipse.jdt.internal.junit.runner.RemoteTestRunner.runTests(RemoteTestRunner.java:675)
	at org.eclipse.jdt.internal.junit.runner.RemoteTestRunner.run(RemoteTestRunner.java:382)
	at org.eclipse.jdt.internal.junit.runner.RemoteTestRunner.main(RemoteTestRunner.java:192)
ERROR main org.hibernate.cfg.Configuration - problem parsing configurationhibernate.cfg.xml
org.dom4j.DocumentException: www.hibernate.org Nested exception: www.hibernate.org
	at org.dom4j.io.SAXReader.read(SAXReader.java:353)
	at org.hibernate.cfg.Configuration.doConfigure(Configuration.java:1217)
	at org.hibernate.cfg.Configuration.configure(Configuration.java:1161)
	at com.demo.hibernate.util.HibernateSessionFactory.currentSession(HibernateSessionFactory.java:19)
	at com.demo.hibernate.dao.AddressDAOImpl.select(AddressDAOImpl.java:64)
	at com.demo.hibernate.service.AddressServiceImpl.select(AddressServiceImpl.java:19)
	at com.demo.hibernate.test.AddressServiceTest.testSelect(AddressServiceTest.java:59)
	at sun.reflect.NativeMethodAccessorImpl.invoke0(Native Method)
	at sun.reflect.NativeMethodAccessorImpl.invoke(NativeMethodAccessorImpl.java:57)
	at sun.reflect.DelegatingMethodAccessorImpl.invoke(DelegatingMethodAccessorImpl.java:43)
	at java.lang.reflect.Method.invoke(Method.java:606)
	at junit.framework.TestCase.runTest(TestCase.java:154)
	at junit.framework.TestCase.runBare(TestCase.java:127)
	at junit.framework.TestResult$1.protect(TestResult.java:106)
	at junit.framework.TestResult.runProtected(TestResult.java:124)
	at junit.framework.TestResult.run(TestResult.java:109)
	at junit.framework.TestCase.run(TestCase.java:118)
	at junit.framework.TestSuite.runTest(TestSuite.java:208)
	at junit.framework.TestSuite.run(TestSuite.java:203)
	at org.eclipse.jdt.internal.junit.runner.junit3.JUnit3TestReference.run(JUnit3TestReference.java:131)
	at org.eclipse.jdt.internal.junit.runner.TestExecution.run(TestExecution.java:38)
	at org.eclipse.jdt.internal.junit.runner.RemoteTestRunner.runTests(RemoteTestRunner.java:459)
	at org.eclipse.jdt.internal.junit.runner.RemoteTestRunner.runTests(RemoteTestRunner.java:675)
	at org.eclipse.jdt.internal.junit.runner.RemoteTestRunner.run(RemoteTestRunner.java:382)
	at org.eclipse.jdt.internal.junit.runner.RemoteTestRunner.main(RemoteTestRunner.java:192)
Nested exception: 
java.net.UnknownHostException: www.hibernate.org
	at java.net.AbstractPlainSocketImpl.connect(AbstractPlainSocketImpl.java:178)
	at java.net.SocksSocketImpl.connect(SocksSocketImpl.java:392)
	at java.net.Socket.connect(Socket.java:579)
	at java.net.Socket.connect(Socket.java:528)
	at sun.net.NetworkClient.doConnect(NetworkClient.java:180)
	at sun.net.www.http.HttpClient.openServer(HttpClient.java:432)
	at sun.net.www.http.HttpClient.openServer(HttpClient.java:527)
	at sun.net.www.http.HttpClient.<init>(HttpClient.java:211)
	at sun.net.www.http.HttpClient.New(HttpClient.java:308)
	at sun.net.www.http.HttpClient.New(HttpClient.java:326)
	at sun.net.www.protocol.http.HttpURLConnection.getNewHttpClient(HttpURLConnection.java:996)
	at sun.net.www.protocol.http.HttpURLConnection.plainConnect(HttpURLConnection.java:932)
	at sun.net.www.protocol.http.HttpURLConnection.connect(HttpURLConnection.java:850)
	at sun.net.www.protocol.http.HttpURLConnection.getInputStream(HttpURLConnection.java:1300)
	at org.apache.xerces.impl.XMLEntityManager.setupCurrentEntity(Unknown Source)
	at org.apache.xerces.impl.XMLEntityManager.startEntity(Unknown Source)
	at org.apache.xerces.impl.XMLEntityManager.startDTDEntity(Unknown Source)
	at org.apache.xerces.impl.XMLDTDScannerImpl.setInputSource(Unknown Source)
	at org.apache.xerces.impl.XMLDocumentScannerImpl$DTDDispatcher.dispatch(Unknown Source)
	at org.apache.xerces.impl.XMLDocumentFragmentScannerImpl.scanDocument(Unknown Source)
	at org.apache.xerces.parsers.XML11Configuration.parse(Unknown Source)
	at org.apache.xerces.parsers.XML11Configuration.parse(Unknown Source)
	at org.apache.xerces.parsers.XMLParser.parse(Unknown Source)
	at org.apache.xerces.parsers.AbstractSAXParser.parse(Unknown Source)
	at org.dom4j.io.SAXReader.read(SAXReader.java:334)
	at org.hibernate.cfg.Configuration.doConfigure(Configuration.java:1217)
	at org.hibernate.cfg.Configuration.configure(Configuration.java:1161)
	at com.demo.hibernate.util.HibernateSessionFactory.currentSession(HibernateSessionFactory.java:19)
	at com.demo.hibernate.dao.AddressDAOImpl.select(AddressDAOImpl.java:64)
	at com.demo.hibernate.service.AddressServiceImpl.select(AddressServiceImpl.java:19)
	at com.demo.hibernate.test.AddressServiceTest.testSelect(AddressServiceTest.java:59)
	at sun.reflect.NativeMethodAccessorImpl.invoke0(Native Method)
	at sun.reflect.NativeMethodAccessorImpl.invoke(NativeMethodAccessorImpl.java:57)
	at sun.reflect.DelegatingMethodAccessorImpl.invoke(DelegatingMethodAccessorImpl.java:43)
	at java.lang.reflect.Method.invoke(Method.java:606)
	at junit.framework.TestCase.runTest(TestCase.java:154)
	at junit.framework.TestCase.runBare(TestCase.java:127)
	at junit.framework.TestResult$1.protect(TestResult.java:106)
	at junit.framework.TestResult.runProtected(TestResult.java:124)
	at junit.framework.TestResult.run(TestResult.java:109)
	at junit.framework.TestCase.run(TestCase.java:118)
	at junit.framework.TestSuite.runTest(TestSuite.java:208)
	at junit.framework.TestSuite.run(TestSuite.java:203)
	at org.eclipse.jdt.internal.junit.runner.junit3.JUnit3TestReference.run(JUnit3TestReference.java:131)
	at org.eclipse.jdt.internal.junit.runner.TestExecution.run(TestExecution.java:38)
	at org.eclipse.jdt.internal.junit.runner.RemoteTestRunner.runTests(RemoteTestRunner.java:459)
	at org.eclipse.jdt.internal.junit.runner.RemoteTestRunner.runTests(RemoteTestRunner.java:675)
	at org.eclipse.jdt.internal.junit.runner.RemoteTestRunner.run(RemoteTestRunner.java:382)
	at org.eclipse.jdt.internal.junit.runner.RemoteTestRunner.main(RemoteTestRunner.java:192)
ERROR main org.hibernate.cfg.Configuration - problem parsing configurationhibernate.cfg.xml
org.dom4j.DocumentException: www.hibernate.org Nested exception: www.hibernate.org
	at org.dom4j.io.SAXReader.read(SAXReader.java:353)
	at org.hibernate.cfg.Configuration.doConfigure(Configuration.java:1217)
	at org.hibernate.cfg.Configuration.configure(Configuration.java:1161)
	at com.demo.hibernate.util.HibernateSessionFactory.currentSession(HibernateSessionFactory.java:19)
	at com.demo.hibernate.dao.AddressDAOImpl.update(AddressDAOImpl.java:109)
	at com.demo.hibernate.service.AddressServiceImpl.update(AddressServiceImpl.java:30)
	at com.demo.hibernate.test.AddressServiceTest.testUpdate(AddressServiceTest.java:76)
	at sun.reflect.NativeMethodAccessorImpl.invoke0(Native Method)
	at sun.reflect.NativeMethodAccessorImpl.invoke(NativeMethodAccessorImpl.java:57)
	at sun.reflect.DelegatingMethodAccessorImpl.invoke(DelegatingMethodAccessorImpl.java:43)
	at java.lang.reflect.Method.invoke(Method.java:606)
	at junit.framework.TestCase.runTest(TestCase.java:154)
	at junit.framework.TestCase.runBare(TestCase.java:127)
	at junit.framework.TestResult$1.protect(TestResult.java:106)
	at junit.framework.TestResult.runProtected(TestResult.java:124)
	at junit.framework.TestResult.run(TestResult.java:109)
	at junit.framework.TestCase.run(TestCase.java:118)
	at junit.framework.TestSuite.runTest(TestSuite.java:208)
	at junit.framework.TestSuite.run(TestSuite.java:203)
	at org.eclipse.jdt.internal.junit.runner.junit3.JUnit3TestReference.run(JUnit3TestReference.java:131)
	at org.eclipse.jdt.internal.junit.runner.TestExecution.run(TestExecution.java:38)
	at org.eclipse.jdt.internal.junit.runner.RemoteTestRunner.runTests(RemoteTestRunner.java:459)
	at org.eclipse.jdt.internal.junit.runner.RemoteTestRunner.runTests(RemoteTestRunner.java:675)
	at org.eclipse.jdt.internal.junit.runner.RemoteTestRunner.run(RemoteTestRunner.java:382)
	at org.eclipse.jdt.internal.junit.runner.RemoteTestRunner.main(RemoteTestRunner.java:192)
Nested exception: 
java.net.UnknownHostException: www.hibernate.org
	at java.net.AbstractPlainSocketImpl.connect(AbstractPlainSocketImpl.java:178)
	at java.net.SocksSocketImpl.connect(SocksSocketImpl.java:392)
	at java.net.Socket.connect(Socket.java:579)
	at java.net.Socket.connect(Socket.java:528)
	at sun.net.NetworkClient.doConnect(NetworkClient.java:180)
	at sun.net.www.http.HttpClient.openServer(HttpClient.java:432)
	at sun.net.www.http.HttpClient.openServer(HttpClient.java:527)
	at sun.net.www.http.HttpClient.<init>(HttpClient.java:211)
	at sun.net.www.http.HttpClient.New(HttpClient.java:308)
	at sun.net.www.http.HttpClient.New(HttpClient.java:326)
	at sun.net.www.protocol.http.HttpURLConnection.getNewHttpClient(HttpURLConnection.java:996)
	at sun.net.www.protocol.http.HttpURLConnection.plainConnect(HttpURLConnection.java:932)
	at sun.net.www.protocol.http.HttpURLConnection.connect(HttpURLConnection.java:850)
	at sun.net.www.protocol.http.HttpURLConnection.getInputStream(HttpURLConnection.java:1300)
	at org.apache.xerces.impl.XMLEntityManager.setupCurrentEntity(Unknown Source)
	at org.apache.xerces.impl.XMLEntityManager.startEntity(Unknown Source)
	at org.apache.xerces.impl.XMLEntityManager.startDTDEntity(Unknown Source)
	at org.apache.xerces.impl.XMLDTDScannerImpl.setInputSource(Unknown Source)
	at org.apache.xerces.impl.XMLDocumentScannerImpl$DTDDispatcher.dispatch(Unknown Source)
	at org.apache.xerces.impl.XMLDocumentFragmentScannerImpl.scanDocument(Unknown Source)
	at org.apache.xerces.parsers.XML11Configuration.parse(Unknown Source)
	at org.apache.xerces.parsers.XML11Configuration.parse(Unknown Source)
	at org.apache.xerces.parsers.XMLParser.parse(Unknown Source)
	at org.apache.xerces.parsers.AbstractSAXParser.parse(Unknown Source)
	at org.dom4j.io.SAXReader.read(SAXReader.java:334)
	at org.hibernate.cfg.Configuration.doConfigure(Configuration.java:1217)
	at org.hibernate.cfg.Configuration.configure(Configuration.java:1161)
	at com.demo.hibernate.util.HibernateSessionFactory.currentSession(HibernateSessionFactory.java:19)
	at com.demo.hibernate.dao.AddressDAOImpl.update(AddressDAOImpl.java:109)
	at com.demo.hibernate.service.AddressServiceImpl.update(AddressServiceImpl.java:30)
	at com.demo.hibernate.test.AddressServiceTest.testUpdate(AddressServiceTest.java:76)
	at sun.reflect.NativeMethodAccessorImpl.invoke0(Native Method)
	at sun.reflect.NativeMethodAccessorImpl.invoke(NativeMethodAccessorImpl.java:57)
	at sun.reflect.DelegatingMethodAccessorImpl.invoke(DelegatingMethodAccessorImpl.java:43)
	at java.lang.reflect.Method.invoke(Method.java:606)
	at junit.framework.TestCase.runTest(TestCase.java:154)
	at junit.framework.TestCase.runBare(TestCase.java:127)
	at junit.framework.TestResult$1.protect(TestResult.java:106)
	at junit.framework.TestResult.runProtected(TestResult.java:124)
	at junit.framework.TestResult.run(TestResult.java:109)
	at junit.framework.TestCase.run(TestCase.java:118)
	at junit.framework.TestSuite.runTest(TestSuite.java:208)
	at junit.framework.TestSuite.run(TestSuite.java:203)
	at org.eclipse.jdt.internal.junit.runner.junit3.JUnit3TestReference.run(JUnit3TestReference.java:131)
	at org.eclipse.jdt.internal.junit.runner.TestExecution.run(TestExecution.java:38)
	at org.eclipse.jdt.internal.junit.runner.RemoteTestRunner.runTests(RemoteTestRunner.java:459)
	at org.eclipse.jdt.internal.junit.runner.RemoteTestRunner.runTests(RemoteTestRunner.java:675)
	at org.eclipse.jdt.internal.junit.runner.RemoteTestRunner.run(RemoteTestRunner.java:382)
	at org.eclipse.jdt.internal.junit.runner.RemoteTestRunner.main(RemoteTestRunner.java:192)
ERROR main org.hibernate.cfg.Configuration - problem parsing configurationhibernate.cfg.xml
org.dom4j.DocumentException: www.hibernate.org Nested exception: www.hibernate.org
	at org.dom4j.io.SAXReader.read(SAXReader.java:353)
	at org.hibernate.cfg.Configuration.doConfigure(Configuration.java:1217)
	at org.hibernate.cfg.Configuration.configure(Configuration.java:1161)
	at com.demo.hibernate.util.HibernateSessionFactory.currentSession(HibernateSessionFactory.java:19)
	at com.demo.hibernate.dao.AddressDAOImpl.select(AddressDAOImpl.java:64)
	at com.demo.hibernate.service.AddressServiceImpl.delete(AddressServiceImpl.java:35)
	at com.demo.hibernate.test.AddressServiceTest.testDelete(AddressServiceTest.java:84)
	at sun.reflect.NativeMethodAccessorImpl.invoke0(Native Method)
	at sun.reflect.NativeMethodAccessorImpl.invoke(NativeMethodAccessorImpl.java:57)
	at sun.reflect.DelegatingMethodAccessorImpl.invoke(DelegatingMethodAccessorImpl.java:43)
	at java.lang.reflect.Method.invoke(Method.java:606)
	at junit.framework.TestCase.runTest(TestCase.java:154)
	at junit.framework.TestCase.runBare(TestCase.java:127)
	at junit.framework.TestResult$1.protect(TestResult.java:106)
	at junit.framework.TestResult.runProtected(TestResult.java:124)
	at junit.framework.TestResult.run(TestResult.java:109)
	at junit.framework.TestCase.run(TestCase.java:118)
	at junit.framework.TestSuite.runTest(TestSuite.java:208)
	at junit.framework.TestSuite.run(TestSuite.java:203)
	at org.eclipse.jdt.internal.junit.runner.junit3.JUnit3TestReference.run(JUnit3TestReference.java:131)
	at org.eclipse.jdt.internal.junit.runner.TestExecution.run(TestExecution.java:38)
	at org.eclipse.jdt.internal.junit.runner.RemoteTestRunner.runTests(RemoteTestRunner.java:459)
	at org.eclipse.jdt.internal.junit.runner.RemoteTestRunner.runTests(RemoteTestRunner.java:675)
	at org.eclipse.jdt.internal.junit.runner.RemoteTestRunner.run(RemoteTestRunner.java:382)
	at org.eclipse.jdt.internal.junit.runner.RemoteTestRunner.main(RemoteTestRunner.java:192)
Nested exception: 
java.net.UnknownHostException: www.hibernate.org
	at java.net.AbstractPlainSocketImpl.connect(AbstractPlainSocketImpl.java:178)
	at java.net.SocksSocketImpl.connect(SocksSocketImpl.java:392)
	at java.net.Socket.connect(Socket.java:579)
	at java.net.Socket.connect(Socket.java:528)
	at sun.net.NetworkClient.doConnect(NetworkClient.java:180)
	at sun.net.www.http.HttpClient.openServer(HttpClient.java:432)
	at sun.net.www.http.HttpClient.openServer(HttpClient.java:527)
	at sun.net.www.http.HttpClient.<init>(HttpClient.java:211)
	at sun.net.www.http.HttpClient.New(HttpClient.java:308)
	at sun.net.www.http.HttpClient.New(HttpClient.java:326)
	at sun.net.www.protocol.http.HttpURLConnection.getNewHttpClient(HttpURLConnection.java:996)
	at sun.net.www.protocol.http.HttpURLConnection.plainConnect(HttpURLConnection.java:932)
	at sun.net.www.protocol.http.HttpURLConnection.connect(HttpURLConnection.java:850)
	at sun.net.www.protocol.http.HttpURLConnection.getInputStream(HttpURLConnection.java:1300)
	at org.apache.xerces.impl.XMLEntityManager.setupCurrentEntity(Unknown Source)
	at org.apache.xerces.impl.XMLEntityManager.startEntity(Unknown Source)
	at org.apache.xerces.impl.XMLEntityManager.startDTDEntity(Unknown Source)
	at org.apache.xerces.impl.XMLDTDScannerImpl.setInputSource(Unknown Source)
	at org.apache.xerces.impl.XMLDocumentScannerImpl$DTDDispatcher.dispatch(Unknown Source)
	at org.apache.xerces.impl.XMLDocumentFragmentScannerImpl.scanDocument(Unknown Source)
	at org.apache.xerces.parsers.XML11Configuration.parse(Unknown Source)
	at org.apache.xerces.parsers.XML11Configuration.parse(Unknown Source)
	at org.apache.xerces.parsers.XMLParser.parse(Unknown Source)
	at org.apache.xerces.parsers.AbstractSAXParser.parse(Unknown Source)
	at org.dom4j.io.SAXReader.read(SAXReader.java:334)
	at org.hibernate.cfg.Configuration.doConfigure(Configuration.java:1217)
	at org.hibernate.cfg.Configuration.configure(Configuration.java:1161)
	at com.demo.hibernate.util.HibernateSessionFactory.currentSession(HibernateSessionFactory.java:19)
	at com.demo.hibernate.dao.AddressDAOImpl.select(AddressDAOImpl.java:64)
	at com.demo.hibernate.service.AddressServiceImpl.delete(AddressServiceImpl.java:35)
	at com.demo.hibernate.test.AddressServiceTest.testDelete(AddressServiceTest.java:84)
	at sun.reflect.NativeMethodAccessorImpl.invoke0(Native Method)
	at sun.reflect.NativeMethodAccessorImpl.invoke(NativeMethodAccessorImpl.java:57)
	at sun.reflect.DelegatingMethodAccessorImpl.invoke(DelegatingMethodAccessorImpl.java:43)
	at java.lang.reflect.Method.invoke(Method.java:606)
	at junit.framework.TestCase.runTest(TestCase.java:154)
	at junit.framework.TestCase.runBare(TestCase.java:127)
	at junit.framework.TestResult$1.protect(TestResult.java:106)
	at junit.framework.TestResult.runProtected(TestResult.java:124)
	at junit.framework.TestResult.run(TestResult.java:109)
	at junit.framework.TestCase.run(TestCase.java:118)
	at junit.framework.TestSuite.runTest(TestSuite.java:208)
	at junit.framework.TestSuite.run(TestSuite.java:203)
	at org.eclipse.jdt.internal.junit.runner.junit3.JUnit3TestReference.run(JUnit3TestReference.java:131)
	at org.eclipse.jdt.internal.junit.runner.TestExecution.run(TestExecution.java:38)
	at org.eclipse.jdt.internal.junit.runner.RemoteTestRunner.runTests(RemoteTestRunner.java:459)
	at org.eclipse.jdt.internal.junit.runner.RemoteTestRunner.runTests(RemoteTestRunner.java:675)
	at org.eclipse.jdt.internal.junit.runner.RemoteTestRunner.run(RemoteTestRunner.java:382)
	at org.eclipse.jdt.internal.junit.runner.RemoteTestRunner.main(RemoteTestRunner.java:192)
WARN main net.sf.ehcache.config.Configurator - No configuration found. Configuring ehcache from ehcache-failsafe.xml found in the classpath: jar:file:/Users/apple/Documents/workspace/hibernatemysql/lib/ehcache-1.1.jar!/ehcache-failsafe.xml
WARN main org.hibernate.impl.SessionFactoryObjectFactory - Could not bind factory to JNDI
javax.naming.NoInitialContextException: Need to specify class name in environment or system property, or as an applet parameter, or in an application resource file:  java.naming.factory.initial
	at javax.naming.spi.NamingManager.getInitialContext(NamingManager.java:662)
	at javax.naming.InitialContext.getDefaultInitCtx(InitialContext.java:307)
	at javax.naming.InitialContext.getURLOrDefaultInitCtx(InitialContext.java:344)
	at javax.naming.InitialContext.getNameParser(InitialContext.java:499)
	at org.hibernate.util.NamingHelper.bind(NamingHelper.java:52)
	at org.hibernate.impl.SessionFactoryObjectFactory.addInstance(SessionFactoryObjectFactory.java:90)
	at org.hibernate.impl.SessionFactoryImpl.<init>(SessionFactoryImpl.java:247)
	at org.hibernate.cfg.Configuration.buildSessionFactory(Configuration.java:1054)
	at com.demo.hibernate.util.HibernateSessionFactory.currentSession(HibernateSessionFactory.java:20)
	at com.demo.hibernate.dao.AddressDAOImpl.list(AddressDAOImpl.java:28)
	at com.demo.hibernate.service.AddressServiceImpl.list(AddressServiceImpl.java:13)
	at com.demo.hibernate.test.AddressServiceTest.testList(AddressServiceTest.java:31)
	at sun.reflect.NativeMethodAccessorImpl.invoke0(Native Method)
	at sun.reflect.NativeMethodAccessorImpl.invoke(NativeMethodAccessorImpl.java:57)
	at sun.reflect.DelegatingMethodAccessorImpl.invoke(DelegatingMethodAccessorImpl.java:43)
	at java.lang.reflect.Method.invoke(Method.java:606)
	at junit.framework.TestCase.runTest(TestCase.java:154)
	at junit.framework.TestCase.runBare(TestCase.java:127)
	at junit.framework.TestResult$1.protect(TestResult.java:106)
	at junit.framework.TestResult.runProtected(TestResult.java:124)
	at junit.framework.TestResult.run(TestResult.java:109)
	at junit.framework.TestCase.run(TestCase.java:118)
	at junit.framework.TestSuite.runTest(TestSuite.java:208)
	at junit.framework.TestSuite.run(TestSuite.java:203)
	at org.eclipse.jdt.internal.junit.runner.junit3.JUnit3TestReference.run(JUnit3TestReference.java:131)
	at org.eclipse.jdt.internal.junit.runner.TestExecution.run(TestExecution.java:38)
	at org.eclipse.jdt.internal.junit.runner.RemoteTestRunner.runTests(RemoteTestRunner.java:459)
	at org.eclipse.jdt.internal.junit.runner.RemoteTestRunner.runTests(RemoteTestRunner.java:675)
	at org.eclipse.jdt.internal.junit.runner.RemoteTestRunner.run(RemoteTestRunner.java:382)
	at org.eclipse.jdt.internal.junit.runner.RemoteTestRunner.main(RemoteTestRunner.java:192)
WARN main net.sf.ehcache.config.Configurator - No configuration found. Configuring ehcache from ehcache-failsafe.xml found in the classpath: jar:file:/Users/apple/Documents/workspace/hibernatemysql/lib/ehcache-1.1.jar!/ehcache-failsafe.xml
WARN main org.hibernate.impl.SessionFactoryObjectFactory - Could not bind factory to JNDI
javax.naming.NoInitialContextException: Need to specify class name in environment or system property, or as an applet parameter, or in an application resource file:  java.naming.factory.initial
	at javax.naming.spi.NamingManager.getInitialContext(NamingManager.java:662)
	at javax.naming.InitialContext.getDefaultInitCtx(InitialContext.java:307)
	at javax.naming.InitialContext.getURLOrDefaultInitCtx(InitialContext.java:344)
	at javax.naming.InitialContext.getNameParser(InitialContext.java:499)
	at org.hibernate.util.NamingHelper.bind(NamingHelper.java:52)
	at org.hibernate.impl.SessionFactoryObjectFactory.addInstance(SessionFactoryObjectFactory.java:90)
	at org.hibernate.impl.SessionFactoryImpl.<init>(SessionFactoryImpl.java:247)
	at org.hibernate.cfg.Configuration.buildSessionFactory(Configuration.java:1054)
	at com.demo.hibernate.util.HibernateSessionFactory.currentSession(HibernateSessionFactory.java:20)
	at com.demo.hibernate.dao.AddressDAOImpl.list(AddressDAOImpl.java:28)
	at com.demo.hibernate.service.AddressServiceImpl.list(AddressServiceImpl.java:13)
	at com.demo.hibernate.test.AddressServiceTest.testList(AddressServiceTest.java:31)
	at sun.reflect.NativeMethodAccessorImpl.invoke0(Native Method)
	at sun.reflect.NativeMethodAccessorImpl.invoke(NativeMethodAccessorImpl.java:57)
	at sun.reflect.DelegatingMethodAccessorImpl.invoke(DelegatingMethodAccessorImpl.java:43)
	at java.lang.reflect.Method.invoke(Method.java:606)
	at junit.framework.TestCase.runTest(TestCase.java:154)
	at junit.framework.TestCase.runBare(TestCase.java:127)
	at junit.framework.TestResult$1.protect(TestResult.java:106)
	at junit.framework.TestResult.runProtected(TestResult.java:124)
	at junit.framework.TestResult.run(TestResult.java:109)
	at junit.framework.TestCase.run(TestCase.java:118)
	at junit.framework.TestSuite.runTest(TestSuite.java:208)
	at junit.framework.TestSuite.run(TestSuite.java:203)
	at org.eclipse.jdt.internal.junit.runner.junit3.JUnit3TestReference.run(JUnit3TestReference.java:131)
	at org.eclipse.jdt.internal.junit.runner.TestExecution.run(TestExecution.java:38)
	at org.eclipse.jdt.internal.junit.runner.RemoteTestRunner.runTests(RemoteTestRunner.java:459)
	at org.eclipse.jdt.internal.junit.runner.RemoteTestRunner.runTests(RemoteTestRunner.java:675)
	at org.eclipse.jdt.internal.junit.runner.RemoteTestRunner.run(RemoteTestRunner.java:382)
	at org.eclipse.jdt.internal.junit.runner.RemoteTestRunner.main(RemoteTestRunner.java:192)
WARN main net.sf.ehcache.config.Configurator - No configuration found. Configuring ehcache from ehcache-failsafe.xml found in the classpath: jar:file:/Users/apple/Documents/workspace/hibernatemysql/lib/ehcache-1.1.jar!/ehcache-failsafe.xml
WARN main org.hibernate.impl.SessionFactoryObjectFactory - Could not bind factory to JNDI
javax.naming.NoInitialContextException: Need to specify class name in environment or system property, or as an applet parameter, or in an application resource file:  java.naming.factory.initial
	at javax.naming.spi.NamingManager.getInitialContext(NamingManager.java:662)
	at javax.naming.InitialContext.getDefaultInitCtx(InitialContext.java:307)
	at javax.naming.InitialContext.getURLOrDefaultInitCtx(InitialContext.java:344)
	at javax.naming.InitialContext.getNameParser(InitialContext.java:499)
	at org.hibernate.util.NamingHelper.bind(NamingHelper.java:52)
	at org.hibernate.impl.SessionFactoryObjectFactory.addInstance(SessionFactoryObjectFactory.java:90)
	at org.hibernate.impl.SessionFactoryImpl.<init>(SessionFactoryImpl.java:247)
	at org.hibernate.cfg.Configuration.buildSessionFactory(Configuration.java:1054)
	at com.demo.hibernate.util.HibernateSessionFactory.currentSession(HibernateSessionFactory.java:20)
	at com.demo.hibernate.dao.SmsDAOImpl.list(SmsDAOImpl.java:29)
	at com.demo.hibernate.service.SmsServiceImpl.list(SmsServiceImpl.java:12)
	at com.demo.hibernate.test.SmsServiceTest.testList(SmsServiceTest.java:37)
	at sun.reflect.NativeMethodAccessorImpl.invoke0(Native Method)
	at sun.reflect.NativeMethodAccessorImpl.invoke(NativeMethodAccessorImpl.java:57)
	at sun.reflect.DelegatingMethodAccessorImpl.invoke(DelegatingMethodAccessorImpl.java:43)
	at java.lang.reflect.Method.invoke(Method.java:606)
	at junit.framework.TestCase.runTest(TestCase.java:154)
	at junit.framework.TestCase.runBare(TestCase.java:127)
	at junit.framework.TestResult$1.protect(TestResult.java:106)
	at junit.framework.TestResult.runProtected(TestResult.java:124)
	at junit.framework.TestResult.run(TestResult.java:109)
	at junit.framework.TestCase.run(TestCase.java:118)
	at junit.framework.TestSuite.runTest(TestSuite.java:208)
	at junit.framework.TestSuite.run(TestSuite.java:203)
	at org.eclipse.jdt.internal.junit.runner.junit3.JUnit3TestReference.run(JUnit3TestReference.java:131)
	at org.eclipse.jdt.internal.junit.runner.TestExecution.run(TestExecution.java:38)
	at org.eclipse.jdt.internal.junit.runner.RemoteTestRunner.runTests(RemoteTestRunner.java:459)
	at org.eclipse.jdt.internal.junit.runner.RemoteTestRunner.runTests(RemoteTestRunner.java:675)
	at org.eclipse.jdt.internal.junit.runner.RemoteTestRunner.run(RemoteTestRunner.java:382)
	at org.eclipse.jdt.internal.junit.runner.RemoteTestRunner.main(RemoteTestRunner.java:192)
WARN main net.sf.ehcache.config.Configurator - No configuration found. Configuring ehcache from ehcache-failsafe.xml found in the classpath: jar:file:/Users/apple/Documents/workspace/hibernatemysql/lib/ehcache-1.1.jar!/ehcache-failsafe.xml
WARN main org.hibernate.impl.SessionFactoryObjectFactory - Could not bind factory to JNDI
javax.naming.NoInitialContextException: Need to specify class name in environment or system property, or as an applet parameter, or in an application resource file:  java.naming.factory.initial
	at javax.naming.spi.NamingManager.getInitialContext(NamingManager.java:662)
	at javax.naming.InitialContext.getDefaultInitCtx(InitialContext.java:307)
	at javax.naming.InitialContext.getURLOrDefaultInitCtx(InitialContext.java:344)
	at javax.naming.InitialContext.getNameParser(InitialContext.java:499)
	at org.hibernate.util.NamingHelper.bind(NamingHelper.java:52)
	at org.hibernate.impl.SessionFactoryObjectFactory.addInstance(SessionFactoryObjectFactory.java:90)
	at org.hibernate.impl.SessionFactoryImpl.<init>(SessionFactoryImpl.java:247)
	at org.hibernate.cfg.Configuration.buildSessionFactory(Configuration.java:1054)
	at com.demo.hibernate.util.HibernateSessionFactory.currentSession(HibernateSessionFactory.java:20)
	at com.demo.hibernate.dao.SmsDAOImpl.list(SmsDAOImpl.java:29)
	at com.demo.hibernate.service.SmsServiceImpl.list(SmsServiceImpl.java:12)
	at com.demo.hibernate.test.SmsServiceTest.testList(SmsServiceTest.java:37)
	at sun.reflect.NativeMethodAccessorImpl.invoke0(Native Method)
	at sun.reflect.NativeMethodAccessorImpl.invoke(NativeMethodAccessorImpl.java:57)
	at sun.reflect.DelegatingMethodAccessorImpl.invoke(DelegatingMethodAccessorImpl.java:43)
	at java.lang.reflect.Method.invoke(Method.java:606)
	at junit.framework.TestCase.runTest(TestCase.java:154)
	at junit.framework.TestCase.runBare(TestCase.java:127)
	at junit.framework.TestResult$1.protect(TestResult.java:106)
	at junit.framework.TestResult.runProtected(TestResult.java:124)
	at junit.framework.TestResult.run(TestResult.java:109)
	at junit.framework.TestCase.run(TestCase.java:118)
	at junit.framework.TestSuite.runTest(TestSuite.java:208)
	at junit.framework.TestSuite.run(TestSuite.java:203)
	at org.eclipse.jdt.internal.junit.runner.junit3.JUnit3TestReference.run(JUnit3TestReference.java:131)
	at org.eclipse.jdt.internal.junit.runner.TestExecution.run(TestExecution.java:38)
	at org.eclipse.jdt.internal.junit.runner.RemoteTestRunner.runTests(RemoteTestRunner.java:459)
	at org.eclipse.jdt.internal.junit.runner.RemoteTestRunner.runTests(RemoteTestRunner.java:675)
	at org.eclipse.jdt.internal.junit.runner.RemoteTestRunner.run(RemoteTestRunner.java:382)
	at org.eclipse.jdt.internal.junit.runner.RemoteTestRunner.main(RemoteTestRunner.java:192)
WARN main net.sf.ehcache.config.Configurator - No configuration found. Configuring ehcache from ehcache-failsafe.xml found in the classpath: jar:file:/Users/apple/Documents/workspace/hibernatemysql/lib/ehcache-1.1.jar!/ehcache-failsafe.xml
WARN main org.hibernate.impl.SessionFactoryObjectFactory - Could not bind factory to JNDI
javax.naming.NoInitialContextException: Need to specify class name in environment or system property, or as an applet parameter, or in an application resource file:  java.naming.factory.initial
	at javax.naming.spi.NamingManager.getInitialContext(NamingManager.java:662)
	at javax.naming.InitialContext.getDefaultInitCtx(InitialContext.java:307)
	at javax.naming.InitialContext.getURLOrDefaultInitCtx(InitialContext.java:344)
	at javax.naming.InitialContext.getNameParser(InitialContext.java:499)
	at org.hibernate.util.NamingHelper.bind(NamingHelper.java:52)
	at org.hibernate.impl.SessionFactoryObjectFactory.addInstance(SessionFactoryObjectFactory.java:90)
	at org.hibernate.impl.SessionFactoryImpl.<init>(SessionFactoryImpl.java:247)
	at org.hibernate.cfg.Configuration.buildSessionFactory(Configuration.java:1054)
	at com.demo.hibernate.util.HibernateSessionFactory.currentSession(HibernateSessionFactory.java:20)
	at com.demo.hibernate.dao.SmsDAOImpl.list(SmsDAOImpl.java:29)
	at com.demo.hibernate.service.SmsServiceImpl.list(SmsServiceImpl.java:12)
	at com.demo.hibernate.test.SmsServiceTest.testList(SmsServiceTest.java:37)
	at sun.reflect.NativeMethodAccessorImpl.invoke0(Native Method)
	at sun.reflect.NativeMethodAccessorImpl.invoke(NativeMethodAccessorImpl.java:57)
	at sun.reflect.DelegatingMethodAccessorImpl.invoke(DelegatingMethodAccessorImpl.java:43)
	at java.lang.reflect.Method.invoke(Method.java:606)
	at junit.framework.TestCase.runTest(TestCase.java:154)
	at junit.framework.TestCase.runBare(TestCase.java:127)
	at junit.framework.TestResult$1.protect(TestResult.java:106)
	at junit.framework.TestResult.runProtected(TestResult.java:124)
	at junit.framework.TestResult.run(TestResult.java:109)
	at junit.framework.TestCase.run(TestCase.java:118)
	at junit.framework.TestSuite.runTest(TestSuite.java:208)
	at junit.framework.TestSuite.run(TestSuite.java:203)
	at org.eclipse.jdt.internal.junit.runner.junit3.JUnit3TestReference.run(JUnit3TestReference.java:131)
	at org.eclipse.jdt.internal.junit.runner.TestExecution.run(TestExecution.java:38)
	at org.eclipse.jdt.internal.junit.runner.RemoteTestRunner.runTests(RemoteTestRunner.java:459)
	at org.eclipse.jdt.internal.junit.runner.RemoteTestRunner.runTests(RemoteTestRunner.java:675)
	at org.eclipse.jdt.internal.junit.runner.RemoteTestRunner.run(RemoteTestRunner.java:382)
	at org.eclipse.jdt.internal.junit.runner.RemoteTestRunner.main(RemoteTestRunner.java:192)
WARN main net.sf.ehcache.config.Configurator - No configuration found. Configuring ehcache from ehcache-failsafe.xml found in the classpath: jar:file:/Users/apple/Documents/workspace/hibernatemysql/lib/ehcache-1.1.jar!/ehcache-failsafe.xml
WARN main org.hibernate.impl.SessionFactoryObjectFactory - Could not bind factory to JNDI
javax.naming.NoInitialContextException: Need to specify class name in environment or system property, or as an applet parameter, or in an application resource file:  java.naming.factory.initial
	at javax.naming.spi.NamingManager.getInitialContext(NamingManager.java:662)
	at javax.naming.InitialContext.getDefaultInitCtx(InitialContext.java:307)
	at javax.naming.InitialContext.getURLOrDefaultInitCtx(InitialContext.java:344)
	at javax.naming.InitialContext.getNameParser(InitialContext.java:499)
	at org.hibernate.util.NamingHelper.bind(NamingHelper.java:52)
	at org.hibernate.impl.SessionFactoryObjectFactory.addInstance(SessionFactoryObjectFactory.java:90)
	at org.hibernate.impl.SessionFactoryImpl.<init>(SessionFactoryImpl.java:247)
	at org.hibernate.cfg.Configuration.buildSessionFactory(Configuration.java:1054)
	at com.demo.hibernate.util.HibernateSessionFactory.currentSession(HibernateSessionFactory.java:20)
	at com.demo.hibernate.dao.SmsDAOImpl.list(SmsDAOImpl.java:29)
	at com.demo.hibernate.service.SmsServiceImpl.list(SmsServiceImpl.java:12)
	at com.demo.hibernate.test.SmsServiceTest.testList(SmsServiceTest.java:37)
	at sun.reflect.NativeMethodAccessorImpl.invoke0(Native Method)
	at sun.reflect.NativeMethodAccessorImpl.invoke(NativeMethodAccessorImpl.java:57)
	at sun.reflect.DelegatingMethodAccessorImpl.invoke(DelegatingMethodAccessorImpl.java:43)
	at java.lang.reflect.Method.invoke(Method.java:606)
	at junit.framework.TestCase.runTest(TestCase.java:154)
	at junit.framework.TestCase.runBare(TestCase.java:127)
	at junit.framework.TestResult$1.protect(TestResult.java:106)
	at junit.framework.TestResult.runProtected(TestResult.java:124)
	at junit.framework.TestResult.run(TestResult.java:109)
	at junit.framework.TestCase.run(TestCase.java:118)
	at junit.framework.TestSuite.runTest(TestSuite.java:208)
	at junit.framework.TestSuite.run(TestSuite.java:203)
	at org.eclipse.jdt.internal.junit.runner.junit3.JUnit3TestReference.run(JUnit3TestReference.java:131)
	at org.eclipse.jdt.internal.junit.runner.TestExecution.run(TestExecution.java:38)
	at org.eclipse.jdt.internal.junit.runner.RemoteTestRunner.runTests(RemoteTestRunner.java:459)
	at org.eclipse.jdt.internal.junit.runner.RemoteTestRunner.runTests(RemoteTestRunner.java:675)
	at org.eclipse.jdt.internal.junit.runner.RemoteTestRunner.run(RemoteTestRunner.java:382)
	at org.eclipse.jdt.internal.junit.runner.RemoteTestRunner.main(RemoteTestRunner.java:192)
WARN main net.sf.ehcache.config.Configurator - No configuration found. Configuring ehcache from ehcache-failsafe.xml found in the classpath: jar:file:/Users/apple/Documents/workspace/hibernatemysql/lib/ehcache-1.1.jar!/ehcache-failsafe.xml
WARN main org.hibernate.impl.SessionFactoryObjectFactory - Could not bind factory to JNDI
javax.naming.NoInitialContextException: Need to specify class name in environment or system property, or as an applet parameter, or in an application resource file:  java.naming.factory.initial
	at javax.naming.spi.NamingManager.getInitialContext(NamingManager.java:662)
	at javax.naming.InitialContext.getDefaultInitCtx(InitialContext.java:307)
	at javax.naming.InitialContext.getURLOrDefaultInitCtx(InitialContext.java:344)
	at javax.naming.InitialContext.getNameParser(InitialContext.java:499)
	at org.hibernate.util.NamingHelper.bind(NamingHelper.java:52)
	at org.hibernate.impl.SessionFactoryObjectFactory.addInstance(SessionFactoryObjectFactory.java:90)
	at org.hibernate.impl.SessionFactoryImpl.<init>(SessionFactoryImpl.java:247)
	at org.hibernate.cfg.Configuration.buildSessionFactory(Configuration.java:1054)
	at com.demo.hibernate.util.HibernateSessionFactory.currentSession(HibernateSessionFactory.java:20)
	at com.demo.hibernate.dao.ScheduleDAOImpl.list(ScheduleDAOImpl.java:26)
	at com.demo.hibernate.service.ScheduleServiceImpl.list(ScheduleServiceImpl.java:14)
	at com.demo.hibernate.test.ScheduleServiceTest.testList(ScheduleServiceTest.java:35)
	at sun.reflect.NativeMethodAccessorImpl.invoke0(Native Method)
	at sun.reflect.NativeMethodAccessorImpl.invoke(NativeMethodAccessorImpl.java:57)
	at sun.reflect.DelegatingMethodAccessorImpl.invoke(DelegatingMethodAccessorImpl.java:43)
	at java.lang.reflect.Method.invoke(Method.java:606)
	at junit.framework.TestCase.runTest(TestCase.java:154)
	at junit.framework.TestCase.runBare(TestCase.java:127)
	at junit.framework.TestResult$1.protect(TestResult.java:106)
	at junit.framework.TestResult.runProtected(TestResult.java:124)
	at junit.framework.TestResult.run(TestResult.java:109)
	at junit.framework.TestCase.run(TestCase.java:118)
	at junit.framework.TestSuite.runTest(TestSuite.java:208)
	at junit.framework.TestSuite.run(TestSuite.java:203)
	at org.eclipse.jdt.internal.junit.runner.junit3.JUnit3TestReference.run(JUnit3TestReference.java:131)
	at org.eclipse.jdt.internal.junit.runner.TestExecution.run(TestExecution.java:38)
	at org.eclipse.jdt.internal.junit.runner.RemoteTestRunner.runTests(RemoteTestRunner.java:459)
	at org.eclipse.jdt.internal.junit.runner.RemoteTestRunner.runTests(RemoteTestRunner.java:675)
	at org.eclipse.jdt.internal.junit.runner.RemoteTestRunner.run(RemoteTestRunner.java:382)
	at org.eclipse.jdt.internal.junit.runner.RemoteTestRunner.main(RemoteTestRunner.java:192)
WARN main net.sf.ehcache.config.Configurator - No configuration found. Configuring ehcache from ehcache-failsafe.xml found in the classpath: jar:file:/Users/apple/Documents/workspace/hibernatemysql/lib/ehcache-1.1.jar!/ehcache-failsafe.xml
WARN main org.hibernate.impl.SessionFactoryObjectFactory - Could not bind factory to JNDI
javax.naming.NoInitialContextException: Need to specify class name in environment or system property, or as an applet parameter, or in an application resource file:  java.naming.factory.initial
	at javax.naming.spi.NamingManager.getInitialContext(NamingManager.java:662)
	at javax.naming.InitialContext.getDefaultInitCtx(InitialContext.java:307)
	at javax.naming.InitialContext.getURLOrDefaultInitCtx(InitialContext.java:344)
	at javax.naming.InitialContext.getNameParser(InitialContext.java:499)
	at org.hibernate.util.NamingHelper.bind(NamingHelper.java:52)
	at org.hibernate.impl.SessionFactoryObjectFactory.addInstance(SessionFactoryObjectFactory.java:90)
	at org.hibernate.impl.SessionFactoryImpl.<init>(SessionFactoryImpl.java:247)
	at org.hibernate.cfg.Configuration.buildSessionFactory(Configuration.java:1054)
	at com.demo.hibernate.util.HibernateSessionFactory.currentSession(HibernateSessionFactory.java:20)
	at com.demo.hibernate.dao.WorklogDAOImpl.list(WorklogDAOImpl.java:27)
	at com.demo.hibernate.service.WorklogServiceImpl.list(WorklogServiceImpl.java:13)
	at com.demo.hibernate.test.WorklogServiceTest.testList(WorklogServiceTest.java:34)
	at sun.reflect.NativeMethodAccessorImpl.invoke0(Native Method)
	at sun.reflect.NativeMethodAccessorImpl.invoke(NativeMethodAccessorImpl.java:57)
	at sun.reflect.DelegatingMethodAccessorImpl.invoke(DelegatingMethodAccessorImpl.java:43)
	at java.lang.reflect.Method.invoke(Method.java:606)
	at junit.framework.TestCase.runTest(TestCase.java:154)
	at junit.framework.TestCase.runBare(TestCase.java:127)
	at junit.framework.TestResult$1.protect(TestResult.java:106)
	at junit.framework.TestResult.runProtected(TestResult.java:124)
	at junit.framework.TestResult.run(TestResult.java:109)
	at junit.framework.TestCase.run(TestCase.java:118)
	at junit.framework.TestSuite.runTest(TestSuite.java:208)
	at junit.framework.TestSuite.run(TestSuite.java:203)
	at org.eclipse.jdt.internal.junit.runner.junit3.JUnit3TestReference.run(JUnit3TestReference.java:131)
	at org.eclipse.jdt.internal.junit.runner.TestExecution.run(TestExecution.java:38)
	at org.eclipse.jdt.internal.junit.runner.RemoteTestRunner.runTests(RemoteTestRunner.java:459)
	at org.eclipse.jdt.internal.junit.runner.RemoteTestRunner.runTests(RemoteTestRunner.java:675)
	at org.eclipse.jdt.internal.junit.runner.RemoteTestRunner.run(RemoteTestRunner.java:382)
	at org.eclipse.jdt.internal.junit.runner.RemoteTestRunner.main(RemoteTestRunner.java:192)
WARN main net.sf.ehcache.config.Configurator - No configuration found. Configuring ehcache from ehcache-failsafe.xml found in the classpath: jar:file:/Users/apple/Documents/workspace/hibernatemysql/lib/ehcache-1.1.jar!/ehcache-failsafe.xml
WARN main org.hibernate.impl.SessionFactoryObjectFactory - Could not bind factory to JNDI
javax.naming.NoInitialContextException: Need to specify class name in environment or system property, or as an applet parameter, or in an application resource file:  java.naming.factory.initial
	at javax.naming.spi.NamingManager.getInitialContext(NamingManager.java:662)
	at javax.naming.InitialContext.getDefaultInitCtx(InitialContext.java:307)
	at javax.naming.InitialContext.getURLOrDefaultInitCtx(InitialContext.java:344)
	at javax.naming.InitialContext.getNameParser(InitialContext.java:499)
	at org.hibernate.util.NamingHelper.bind(NamingHelper.java:52)
	at org.hibernate.impl.SessionFactoryObjectFactory.addInstance(SessionFactoryObjectFactory.java:90)
	at org.hibernate.impl.SessionFactoryImpl.<init>(SessionFactoryImpl.java:247)
	at org.hibernate.cfg.Configuration.buildSessionFactory(Configuration.java:1054)
	at com.demo.hibernate.util.HibernateSessionFactory.currentSession(HibernateSessionFactory.java:20)
	at com.demo.hibernate.dao.WorklogDAOImpl.list(WorklogDAOImpl.java:27)
	at com.demo.hibernate.service.WorklogServiceImpl.list(WorklogServiceImpl.java:13)
	at com.demo.hibernate.test.WorklogServiceTest.testList(WorklogServiceTest.java:34)
	at sun.reflect.NativeMethodAccessorImpl.invoke0(Native Method)
	at sun.reflect.NativeMethodAccessorImpl.invoke(NativeMethodAccessorImpl.java:57)
	at sun.reflect.DelegatingMethodAccessorImpl.invoke(DelegatingMethodAccessorImpl.java:43)
	at java.lang.reflect.Method.invoke(Method.java:606)
	at junit.framework.TestCase.runTest(TestCase.java:154)
	at junit.framework.TestCase.runBare(TestCase.java:127)
	at junit.framework.TestResult$1.protect(TestResult.java:106)
	at junit.framework.TestResult.runProtected(TestResult.java:124)
	at junit.framework.TestResult.run(TestResult.java:109)
	at junit.framework.TestCase.run(TestCase.java:118)
	at junit.framework.TestSuite.runTest(TestSuite.java:208)
	at junit.framework.TestSuite.run(TestSuite.java:203)
	at org.eclipse.jdt.internal.junit.runner.junit3.JUnit3TestReference.run(JUnit3TestReference.java:131)
	at org.eclipse.jdt.internal.junit.runner.TestExecution.run(TestExecution.java:38)
	at org.eclipse.jdt.internal.junit.runner.RemoteTestRunner.runTests(RemoteTestRunner.java:459)
	at org.eclipse.jdt.internal.junit.runner.RemoteTestRunner.runTests(RemoteTestRunner.java:675)
	at org.eclipse.jdt.internal.junit.runner.RemoteTestRunner.run(RemoteTestRunner.java:382)
	at org.eclipse.jdt.internal.junit.runner.RemoteTestRunner.main(RemoteTestRunner.java:192)
WARN main net.sf.ehcache.config.Configurator - No configuration found. Configuring ehcache from ehcache-failsafe.xml found in the classpath: jar:file:/Users/apple/Documents/workspace/hibernatemysql/lib/ehcache-1.1.jar!/ehcache-failsafe.xml
WARN main org.hibernate.impl.SessionFactoryObjectFactory - Could not bind factory to JNDI
javax.naming.NoInitialContextException: Need to specify class name in environment or system property, or as an applet parameter, or in an application resource file:  java.naming.factory.initial
	at javax.naming.spi.NamingManager.getInitialContext(NamingManager.java:662)
	at javax.naming.InitialContext.getDefaultInitCtx(InitialContext.java:307)
	at javax.naming.InitialContext.getURLOrDefaultInitCtx(InitialContext.java:344)
	at javax.naming.InitialContext.getNameParser(InitialContext.java:499)
	at org.hibernate.util.NamingHelper.bind(NamingHelper.java:52)
	at org.hibernate.impl.SessionFactoryObjectFactory.addInstance(SessionFactoryObjectFactory.java:90)
	at org.hibernate.impl.SessionFactoryImpl.<init>(SessionFactoryImpl.java:247)
	at org.hibernate.cfg.Configuration.buildSessionFactory(Configuration.java:1054)
	at com.demo.hibernate.util.HibernateSessionFactory.currentSession(HibernateSessionFactory.java:20)
	at com.demo.hibernate.dao.NoticeDAOImpl.list(NoticeDAOImpl.java:24)
	at com.demo.hibernate.service.NoticeServiceImpl.list(NoticeServiceImpl.java:13)
	at com.demo.hibernate.test.NoticeServiceTest.testList(NoticeServiceTest.java:37)
	at sun.reflect.NativeMethodAccessorImpl.invoke0(Native Method)
	at sun.reflect.NativeMethodAccessorImpl.invoke(NativeMethodAccessorImpl.java:57)
	at sun.reflect.DelegatingMethodAccessorImpl.invoke(DelegatingMethodAccessorImpl.java:43)
	at java.lang.reflect.Method.invoke(Method.java:606)
	at junit.framework.TestCase.runTest(TestCase.java:154)
	at junit.framework.TestCase.runBare(TestCase.java:127)
	at junit.framework.TestResult$1.protect(TestResult.java:106)
	at junit.framework.TestResult.runProtected(TestResult.java:124)
	at junit.framework.TestResult.run(TestResult.java:109)
	at junit.framework.TestCase.run(TestCase.java:118)
	at junit.framework.TestSuite.runTest(TestSuite.java:208)
	at junit.framework.TestSuite.run(TestSuite.java:203)
	at org.eclipse.jdt.internal.junit.runner.junit3.JUnit3TestReference.run(JUnit3TestReference.java:131)
	at org.eclipse.jdt.internal.junit.runner.TestExecution.run(TestExecution.java:38)
	at org.eclipse.jdt.internal.junit.runner.RemoteTestRunner.runTests(RemoteTestRunner.java:459)
	at org.eclipse.jdt.internal.junit.runner.RemoteTestRunner.runTests(RemoteTestRunner.java:675)
	at org.eclipse.jdt.internal.junit.runner.RemoteTestRunner.run(RemoteTestRunner.java:382)
	at org.eclipse.jdt.internal.junit.runner.RemoteTestRunner.main(RemoteTestRunner.java:192)
WARN main net.sf.ehcache.config.Configurator - No configuration found. Configuring ehcache from ehcache-failsafe.xml found in the classpath: jar:file:/Users/apple/Documents/workspace/hibernatemysql/lib/ehcache-1.1.jar!/ehcache-failsafe.xml
WARN main org.hibernate.impl.SessionFactoryObjectFactory - Could not bind factory to JNDI
javax.naming.NoInitialContextException: Need to specify class name in environment or system property, or as an applet parameter, or in an application resource file:  java.naming.factory.initial
	at javax.naming.spi.NamingManager.getInitialContext(NamingManager.java:662)
	at javax.naming.InitialContext.getDefaultInitCtx(InitialContext.java:307)
	at javax.naming.InitialContext.getURLOrDefaultInitCtx(InitialContext.java:344)
	at javax.naming.InitialContext.getNameParser(InitialContext.java:499)
	at org.hibernate.util.NamingHelper.bind(NamingHelper.java:52)
	at org.hibernate.impl.SessionFactoryObjectFactory.addInstance(SessionFactoryObjectFactory.java:90)
	at org.hibernate.impl.SessionFactoryImpl.<init>(SessionFactoryImpl.java:247)
	at org.hibernate.cfg.Configuration.buildSessionFactory(Configuration.java:1054)
	at com.demo.hibernate.util.HibernateSessionFactory.currentSession(HibernateSessionFactory.java:20)
	at com.demo.hibernate.dao.MeetingDAOImpl.list(MeetingDAOImpl.java:25)
	at com.demo.hibernate.service.MeetingServiceImpl.list(MeetingServiceImpl.java:12)
	at com.demo.hibernate.test.MeetingServiceTest.testList(MeetingServiceTest.java:37)
	at sun.reflect.NativeMethodAccessorImpl.invoke0(Native Method)
	at sun.reflect.NativeMethodAccessorImpl.invoke(NativeMethodAccessorImpl.java:57)
	at sun.reflect.DelegatingMethodAccessorImpl.invoke(DelegatingMethodAccessorImpl.java:43)
	at java.lang.reflect.Method.invoke(Method.java:606)
	at junit.framework.TestCase.runTest(TestCase.java:154)
	at junit.framework.TestCase.runBare(TestCase.java:127)
	at junit.framework.TestResult$1.protect(TestResult.java:106)
	at junit.framework.TestResult.runProtected(TestResult.java:124)
	at junit.framework.TestResult.run(TestResult.java:109)
	at junit.framework.TestCase.run(TestCase.java:118)
	at junit.framework.TestSuite.runTest(TestSuite.java:208)
	at junit.framework.TestSuite.run(TestSuite.java:203)
	at org.eclipse.jdt.internal.junit.runner.junit3.JUnit3TestReference.run(JUnit3TestReference.java:131)
	at org.eclipse.jdt.internal.junit.runner.TestExecution.run(TestExecution.java:38)
	at org.eclipse.jdt.internal.junit.runner.RemoteTestRunner.runTests(RemoteTestRunner.java:459)
	at org.eclipse.jdt.internal.junit.runner.RemoteTestRunner.runTests(RemoteTestRunner.java:675)
	at org.eclipse.jdt.internal.junit.runner.RemoteTestRunner.run(RemoteTestRunner.java:382)
	at org.eclipse.jdt.internal.junit.runner.RemoteTestRunner.main(RemoteTestRunner.java:192)
WARN main net.sf.ehcache.config.Configurator - No configuration found. Configuring ehcache from ehcache-failsafe.xml found in the classpath: jar:file:/Users/apple/Documents/workspace/hibernatemysql/lib/ehcache-1.1.jar!/ehcache-failsafe.xml
WARN main org.hibernate.impl.SessionFactoryObjectFactory - Could not bind factory to JNDI
javax.naming.NoInitialContextException: Need to specify class name in environment or system property, or as an applet parameter, or in an application resource file:  java.naming.factory.initial
	at javax.naming.spi.NamingManager.getInitialContext(NamingManager.java:662)
	at javax.naming.InitialContext.getDefaultInitCtx(InitialContext.java:307)
	at javax.naming.InitialContext.getURLOrDefaultInitCtx(InitialContext.java:344)
	at javax.naming.InitialContext.getNameParser(InitialContext.java:499)
	at org.hibernate.util.NamingHelper.bind(NamingHelper.java:52)
	at org.hibernate.impl.SessionFactoryObjectFactory.addInstance(SessionFactoryObjectFactory.java:90)
	at org.hibernate.impl.SessionFactoryImpl.<init>(SessionFactoryImpl.java:247)
	at org.hibernate.cfg.Configuration.buildSessionFactory(Configuration.java:1054)
	at com.demo.hibernate.util.HibernateSessionFactory.currentSession(HibernateSessionFactory.java:20)
	at com.demo.hibernate.dao.MeetingDAOImpl.list(MeetingDAOImpl.java:25)
	at com.demo.hibernate.service.MeetingServiceImpl.list(MeetingServiceImpl.java:12)
	at com.demo.hibernate.test.MeetingServiceTest.testList(MeetingServiceTest.java:37)
	at sun.reflect.NativeMethodAccessorImpl.invoke0(Native Method)
	at sun.reflect.NativeMethodAccessorImpl.invoke(NativeMethodAccessorImpl.java:57)
	at sun.reflect.DelegatingMethodAccessorImpl.invoke(DelegatingMethodAccessorImpl.java:43)
	at java.lang.reflect.Method.invoke(Method.java:606)
	at junit.framework.TestCase.runTest(TestCase.java:154)
	at junit.framework.TestCase.runBare(TestCase.java:127)
	at junit.framework.TestResult$1.protect(TestResult.java:106)
	at junit.framework.TestResult.runProtected(TestResult.java:124)
	at junit.framework.TestResult.run(TestResult.java:109)
	at junit.framework.TestCase.run(TestCase.java:118)
	at junit.framework.TestSuite.runTest(TestSuite.java:208)
	at junit.framework.TestSuite.run(TestSuite.java:203)
	at org.eclipse.jdt.internal.junit.runner.junit3.JUnit3TestReference.run(JUnit3TestReference.java:131)
	at org.eclipse.jdt.internal.junit.runner.TestExecution.run(TestExecution.java:38)
	at org.eclipse.jdt.internal.junit.runner.RemoteTestRunner.runTests(RemoteTestRunner.java:459)
	at org.eclipse.jdt.internal.junit.runner.RemoteTestRunner.runTests(RemoteTestRunner.java:675)
	at org.eclipse.jdt.internal.junit.runner.RemoteTestRunner.run(RemoteTestRunner.java:382)
	at org.eclipse.jdt.internal.junit.runner.RemoteTestRunner.main(RemoteTestRunner.java:192)
WARN main net.sf.ehcache.config.Configurator - No configuration found. Configuring ehcache from ehcache-failsafe.xml found in the classpath: jar:file:/Users/apple/Documents/workspace/hibernatemysql/lib/ehcache-1.1.jar!/ehcache-failsafe.xml
WARN main org.hibernate.impl.SessionFactoryObjectFactory - Could not bind factory to JNDI
javax.naming.NoInitialContextException: Need to specify class name in environment or system property, or as an applet parameter, or in an application resource file:  java.naming.factory.initial
	at javax.naming.spi.NamingManager.getInitialContext(NamingManager.java:662)
	at javax.naming.InitialContext.getDefaultInitCtx(InitialContext.java:307)
	at javax.naming.InitialContext.getURLOrDefaultInitCtx(InitialContext.java:344)
	at javax.naming.InitialContext.getNameParser(InitialContext.java:499)
	at org.hibernate.util.NamingHelper.bind(NamingHelper.java:52)
	at org.hibernate.impl.SessionFactoryObjectFactory.addInstance(SessionFactoryObjectFactory.java:90)
	at org.hibernate.impl.SessionFactoryImpl.<init>(SessionFactoryImpl.java:247)
	at org.hibernate.cfg.Configuration.buildSessionFactory(Configuration.java:1054)
	at com.demo.hibernate.util.HibernateSessionFactory.currentSession(HibernateSessionFactory.java:20)
	at com.demo.hibernate.dao.UserDAOImpl.select(UserDAOImpl.java:20)
	at com.demo.hibernate.service.UserServiceImpl.login(UserServiceImpl.java:10)
	at com.demo.hibernate.test.UserServiceTest.testLogin(UserServiceTest.java:31)
	at sun.reflect.NativeMethodAccessorImpl.invoke0(Native Method)
	at sun.reflect.NativeMethodAccessorImpl.invoke(NativeMethodAccessorImpl.java:57)
	at sun.reflect.DelegatingMethodAccessorImpl.invoke(DelegatingMethodAccessorImpl.java:43)
	at java.lang.reflect.Method.invoke(Method.java:606)
	at junit.framework.TestCase.runTest(TestCase.java:154)
	at junit.framework.TestCase.runBare(TestCase.java:127)
	at junit.framework.TestResult$1.protect(TestResult.java:106)
	at junit.framework.TestResult.runProtected(TestResult.java:124)
	at junit.framework.TestResult.run(TestResult.java:109)
	at junit.framework.TestCase.run(TestCase.java:118)
	at junit.framework.TestSuite.runTest(TestSuite.java:208)
	at junit.framework.TestSuite.run(TestSuite.java:203)
	at junit.framework.TestSuite.runTest(TestSuite.java:208)
	at junit.framework.TestSuite.run(TestSuite.java:203)
	at org.eclipse.jdt.internal.junit.runner.junit3.JUnit3TestReference.run(JUnit3TestReference.java:131)
	at org.eclipse.jdt.internal.junit.runner.TestExecution.run(TestExecution.java:38)
	at org.eclipse.jdt.internal.junit.runner.RemoteTestRunner.runTests(RemoteTestRunner.java:459)
	at org.eclipse.jdt.internal.junit.runner.RemoteTestRunner.runTests(RemoteTestRunner.java:675)
	at org.eclipse.jdt.internal.junit.runner.RemoteTestRunner.run(RemoteTestRunner.java:382)
	at org.eclipse.jdt.internal.junit.runner.RemoteTestRunner.main(RemoteTestRunner.java:192)
WARN main net.sf.ehcache.config.Configurator - No configuration found. Configuring ehcache from ehcache-failsafe.xml found in the classpath: jar:file:/Users/apple/Documents/workspace/hibernatemysql/lib/ehcache-1.1.jar!/ehcache-failsafe.xml
WARN main org.hibernate.impl.SessionFactoryObjectFactory - Could not bind factory to JNDI
javax.naming.NoInitialContextException: Need to specify class name in environment or system property, or as an applet parameter, or in an application resource file:  java.naming.factory.initial
	at javax.naming.spi.NamingManager.getInitialContext(NamingManager.java:662)
	at javax.naming.InitialContext.getDefaultInitCtx(InitialContext.java:307)
	at javax.naming.InitialContext.getURLOrDefaultInitCtx(InitialContext.java:344)
	at javax.naming.InitialContext.getNameParser(InitialContext.java:499)
	at org.hibernate.util.NamingHelper.bind(NamingHelper.java:52)
	at org.hibernate.impl.SessionFactoryObjectFactory.addInstance(SessionFactoryObjectFactory.java:90)
	at org.hibernate.impl.SessionFactoryImpl.<init>(SessionFactoryImpl.java:247)
	at org.hibernate.cfg.Configuration.buildSessionFactory(Configuration.java:1054)
	at com.demo.hibernate.util.HibernateSessionFactory.currentSession(HibernateSessionFactory.java:20)
	at com.demo.hibernate.dao.AddressDAOImpl.list(AddressDAOImpl.java:28)
	at com.demo.hibernate.service.AddressServiceImpl.list(AddressServiceImpl.java:13)
	at com.demo.hibernate.test.AddressServiceTest.testList(AddressServiceTest.java:31)
	at sun.reflect.NativeMethodAccessorImpl.invoke0(Native Method)
	at sun.reflect.NativeMethodAccessorImpl.invoke(NativeMethodAccessorImpl.java:57)
	at sun.reflect.DelegatingMethodAccessorImpl.invoke(DelegatingMethodAccessorImpl.java:43)
	at java.lang.reflect.Method.invoke(Method.java:606)
	at junit.framework.TestCase.runTest(TestCase.java:154)
	at junit.framework.TestCase.runBare(TestCase.java:127)
	at junit.framework.TestResult$1.protect(TestResult.java:106)
	at junit.framework.TestResult.runProtected(TestResult.java:124)
	at junit.framework.TestResult.run(TestResult.java:109)
	at junit.framework.TestCase.run(TestCase.java:118)
	at junit.framework.TestSuite.runTest(TestSuite.java:208)
	at junit.framework.TestSuite.run(TestSuite.java:203)
	at org.eclipse.jdt.internal.junit.runner.junit3.JUnit3TestReference.run(JUnit3TestReference.java:131)
	at org.eclipse.jdt.internal.junit.runner.TestExecution.run(TestExecution.java:38)
	at org.eclipse.jdt.internal.junit.runner.RemoteTestRunner.runTests(RemoteTestRunner.java:459)
	at org.eclipse.jdt.internal.junit.runner.RemoteTestRunner.runTests(RemoteTestRunner.java:675)
	at org.eclipse.jdt.internal.junit.runner.RemoteTestRunner.run(RemoteTestRunner.java:382)
	at org.eclipse.jdt.internal.junit.runner.RemoteTestRunner.main(RemoteTestRunner.java:192)
WARN main net.sf.ehcache.config.Configurator - No configuration found. Configuring ehcache from ehcache-failsafe.xml found in the classpath: jar:file:/Users/apple/Documents/workspace/hibernatemysql/lib/ehcache-1.1.jar!/ehcache-failsafe.xml
WARN main org.hibernate.impl.SessionFactoryObjectFactory - Could not bind factory to JNDI
javax.naming.NoInitialContextException: Need to specify class name in environment or system property, or as an applet parameter, or in an application resource file:  java.naming.factory.initial
	at javax.naming.spi.NamingManager.getInitialContext(NamingManager.java:662)
	at javax.naming.InitialContext.getDefaultInitCtx(InitialContext.java:307)
	at javax.naming.InitialContext.getURLOrDefaultInitCtx(InitialContext.java:344)
	at javax.naming.InitialContext.getNameParser(InitialContext.java:499)
	at org.hibernate.util.NamingHelper.bind(NamingHelper.java:52)
	at org.hibernate.impl.SessionFactoryObjectFactory.addInstance(SessionFactoryObjectFactory.java:90)
	at org.hibernate.impl.SessionFactoryImpl.<init>(SessionFactoryImpl.java:247)
	at org.hibernate.cfg.Configuration.buildSessionFactory(Configuration.java:1054)
	at com.demo.hibernate.util.HibernateSessionFactory.currentSession(HibernateSessionFactory.java:20)
	at com.demo.hibernate.dao.UserDAOImpl.select(UserDAOImpl.java:20)
	at com.demo.hibernate.service.UserServiceImpl.login(UserServiceImpl.java:10)
	at com.demo.hibernate.test.UserServiceTest.testLogin(UserServiceTest.java:31)
	at sun.reflect.NativeMethodAccessorImpl.invoke0(Native Method)
	at sun.reflect.NativeMethodAccessorImpl.invoke(NativeMethodAccessorImpl.java:57)
	at sun.reflect.DelegatingMethodAccessorImpl.invoke(DelegatingMethodAccessorImpl.java:43)
	at java.lang.reflect.Method.invoke(Method.java:606)
	at junit.framework.TestCase.runTest(TestCase.java:154)
	at junit.framework.TestCase.runBare(TestCase.java:127)
	at junit.framework.TestResult$1.protect(TestResult.java:106)
	at junit.framework.TestResult.runProtected(TestResult.java:124)
	at junit.framework.TestResult.run(TestResult.java:109)
	at junit.framework.TestCase.run(TestCase.java:118)
	at junit.framework.TestSuite.runTest(TestSuite.java:208)
	at junit.framework.TestSuite.run(TestSuite.java:203)
	at junit.framework.TestSuite.runTest(TestSuite.java:208)
	at junit.framework.TestSuite.run(TestSuite.java:203)
	at org.eclipse.jdt.internal.junit.runner.junit3.JUnit3TestReference.run(JUnit3TestReference.java:131)
	at org.eclipse.jdt.internal.junit.runner.TestExecution.run(TestExecution.java:38)
	at org.eclipse.jdt.internal.junit.runner.RemoteTestRunner.runTests(RemoteTestRunner.java:459)
	at org.eclipse.jdt.internal.junit.runner.RemoteTestRunner.runTests(RemoteTestRunner.java:675)
	at org.eclipse.jdt.internal.junit.runner.RemoteTestRunner.run(RemoteTestRunner.java:382)
	at org.eclipse.jdt.internal.junit.runner.RemoteTestRunner.main(RemoteTestRunner.java:192)
WARN main net.sf.ehcache.config.Configurator - No configuration found. Configuring ehcache from ehcache-failsafe.xml found in the classpath: jar:file:/Users/apple/Documents/workspace/hibernatemysql/lib/ehcache-1.1.jar!/ehcache-failsafe.xml
WARN main org.hibernate.impl.SessionFactoryObjectFactory - Could not bind factory to JNDI
javax.naming.NoInitialContextException: Need to specify class name in environment or system property, or as an applet parameter, or in an application resource file:  java.naming.factory.initial
	at javax.naming.spi.NamingManager.getInitialContext(NamingManager.java:662)
	at javax.naming.InitialContext.getDefaultInitCtx(InitialContext.java:307)
	at javax.naming.InitialContext.getURLOrDefaultInitCtx(InitialContext.java:344)
	at javax.naming.InitialContext.getNameParser(InitialContext.java:499)
	at org.hibernate.util.NamingHelper.bind(NamingHelper.java:52)
	at org.hibernate.impl.SessionFactoryObjectFactory.addInstance(SessionFactoryObjectFactory.java:90)
	at org.hibernate.impl.SessionFactoryImpl.<init>(SessionFactoryImpl.java:247)
	at org.hibernate.cfg.Configuration.buildSessionFactory(Configuration.java:1054)
	at com.demo.hibernate.util.HibernateSessionFactory.currentSession(HibernateSessionFactory.java:20)
	at com.demo.hibernate.dao.UserDAOImpl.select(UserDAOImpl.java:20)
	at com.demo.hibernate.service.UserServiceImpl.register(UserServiceImpl.java:36)
	at com.demo.hibernate.test.UserServiceTest.testInsert(UserServiceTest.java:45)
	at sun.reflect.NativeMethodAccessorImpl.invoke0(Native Method)
	at sun.reflect.NativeMethodAccessorImpl.invoke(NativeMethodAccessorImpl.java:57)
	at sun.reflect.DelegatingMethodAccessorImpl.invoke(DelegatingMethodAccessorImpl.java:43)
	at java.lang.reflect.Method.invoke(Method.java:606)
	at junit.framework.TestCase.runTest(TestCase.java:154)
	at junit.framework.TestCase.runBare(TestCase.java:127)
	at junit.framework.TestResult$1.protect(TestResult.java:106)
	at junit.framework.TestResult.runProtected(TestResult.java:124)
	at junit.framework.TestResult.run(TestResult.java:109)
	at junit.framework.TestCase.run(TestCase.java:118)
	at junit.framework.TestSuite.runTest(TestSuite.java:208)
	at junit.framework.TestSuite.run(TestSuite.java:203)
	at junit.framework.TestSuite.runTest(TestSuite.java:208)
	at junit.framework.TestSuite.run(TestSuite.java:203)
	at org.eclipse.jdt.internal.junit.runner.junit3.JUnit3TestReference.run(JUnit3TestReference.java:131)
	at org.eclipse.jdt.internal.junit.runner.TestExecution.run(TestExecution.java:38)
	at org.eclipse.jdt.internal.junit.runner.RemoteTestRunner.runTests(RemoteTestRunner.java:459)
	at org.eclipse.jdt.internal.junit.runner.RemoteTestRunner.runTests(RemoteTestRunner.java:675)
	at org.eclipse.jdt.internal.junit.runner.RemoteTestRunner.run(RemoteTestRunner.java:382)
	at org.eclipse.jdt.internal.junit.runner.RemoteTestRunner.main(RemoteTestRunner.java:192)
WARN main net.sf.ehcache.config.Configurator - No configuration found. Configuring ehcache from ehcache-failsafe.xml found in the classpath: jar:file:/Users/apple/Documents/workspace/hibernatemysql/lib/ehcache-1.1.jar!/ehcache-failsafe.xml
WARN main org.hibernate.impl.SessionFactoryObjectFactory - Could not bind factory to JNDI
javax.naming.NoInitialContextException: Need to specify class name in environment or system property, or as an applet parameter, or in an application resource file:  java.naming.factory.initial
	at javax.naming.spi.NamingManager.getInitialContext(NamingManager.java:662)
	at javax.naming.InitialContext.getDefaultInitCtx(InitialContext.java:307)
	at javax.naming.InitialContext.getURLOrDefaultInitCtx(InitialContext.java:344)
	at javax.naming.InitialContext.getNameParser(InitialContext.java:499)
	at org.hibernate.util.NamingHelper.bind(NamingHelper.java:52)
	at org.hibernate.impl.SessionFactoryObjectFactory.addInstance(SessionFactoryObjectFactory.java:90)
	at org.hibernate.impl.SessionFactoryImpl.<init>(SessionFactoryImpl.java:247)
	at org.hibernate.cfg.Configuration.buildSessionFactory(Configuration.java:1054)
	at com.demo.hibernate.util.HibernateSessionFactory.currentSession(HibernateSessionFactory.java:20)
	at com.demo.hibernate.dao.UserDAOImpl.select(UserDAOImpl.java:20)
	at com.demo.hibernate.service.UserServiceImpl.login(UserServiceImpl.java:10)
	at com.demo.hibernate.test.UserServiceTest.testLogin(UserServiceTest.java:31)
	at sun.reflect.NativeMethodAccessorImpl.invoke0(Native Method)
	at sun.reflect.NativeMethodAccessorImpl.invoke(NativeMethodAccessorImpl.java:57)
	at sun.reflect.DelegatingMethodAccessorImpl.invoke(DelegatingMethodAccessorImpl.java:43)
	at java.lang.reflect.Method.invoke(Method.java:606)
	at junit.framework.TestCase.runTest(TestCase.java:154)
	at junit.framework.TestCase.runBare(TestCase.java:127)
	at junit.framework.TestResult$1.protect(TestResult.java:106)
	at junit.framework.TestResult.runProtected(TestResult.java:124)
	at junit.framework.TestResult.run(TestResult.java:109)
	at junit.framework.TestCase.run(TestCase.java:118)
	at junit.framework.TestSuite.runTest(TestSuite.java:208)
	at junit.framework.TestSuite.run(TestSuite.java:203)
	at junit.framework.TestSuite.runTest(TestSuite.java:208)
	at junit.framework.TestSuite.run(TestSuite.java:203)
	at org.eclipse.jdt.internal.junit.runner.junit3.JUnit3TestReference.run(JUnit3TestReference.java:131)
	at org.eclipse.jdt.internal.junit.runner.TestExecution.run(TestExecution.java:38)
	at org.eclipse.jdt.internal.junit.runner.RemoteTestRunner.runTests(RemoteTestRunner.java:459)
	at org.eclipse.jdt.internal.junit.runner.RemoteTestRunner.runTests(RemoteTestRunner.java:675)
	at org.eclipse.jdt.internal.junit.runner.RemoteTestRunner.run(RemoteTestRunner.java:382)
	at org.eclipse.jdt.internal.junit.runner.RemoteTestRunner.main(RemoteTestRunner.java:192)
